

Microchip Technology PIC LITE Macro Assembler V1.42 build -159332390 
                                                                                               Sat Jul 29 10:59:37 2017

Microchip Technology Omniscient Code Generator v1.42 (Free mode) build 201704130522
     1                           	processor	10F222
     2                           	opt	pw 120
     3                           	opt	lm
     4                           	psect	cinit,global,class=ENTRY,merge=1,delta=2
     5                           	psect	cstackCOMMON,global,class=COMMON,space=1,delta=1
     6                           	psect	cstackBANK0,global,class=BANK0,space=1,delta=1
     7                           	psect	maintext,global,class=CODE,split=1,delta=2
     8                           	psect	text1,local,class=CODE,merge=1,delta=2
     9                           	psect	jmp_tab,global,class=ENTRY,delta=2
    10                           	dabs	1,0x1C,4
    11  0000                     
    12                           ; Version 1.42
    13                           ; Generated 13/04/2017 GMT
    14                           ; 
    15                           ; Copyright © 2017, Microchip Technology Inc. and its subsidiaries ("Microchip")
    16                           ; All rights reserved.
    17                           ; 
    18                           ; This software is developed by Microchip Technology Inc. and its subsidiaries ("Microch
      +                          ip").
    19                           ; 
    20                           ; Redistribution and use in source and binary forms, with or without modification, are
    21                           ; permitted provided that the following conditions are met:
    22                           ; 
    23                           ;     1. Redistributions of source code must retain the above copyright notice, this lis
      +                          t of
    24                           ;        conditions and the following disclaimer.
    25                           ; 
    26                           ;     2. Redistributions in binary form must reproduce the above copyright notice, this 
      +                          list
    27                           ;        of conditions and the following disclaimer in the documentation and/or other
    28                           ;        materials provided with the distribution.
    29                           ; 
    30                           ;     3. Microchip's name may not be used to endorse or promote products derived from th
      +                          is
    31                           ;        software without specific prior written permission.
    32                           ; 
    33                           ; THIS SOFTWARE IS PROVIDED BY MICROCHIP "AS IS" AND ANY EXPRESS OR IMPLIED WARRANTIES,
    34                           ; INCLUDING, BUT NOT LIMITED TO, THE IMPLIED WARRANTIES OF MERCHANTABILITY AND FITNESS F
      +                          OR
    35                           ; PURPOSE ARE DISCLAIMED.  IN NO EVENT SHALL MICROCHIP BE LIABLE FOR ANY DIRECT, INDIREC
      +                          T,
    36                           ; INCIDENTAL, SPECIAL, EXEMPLARY, OR CONSEQUENTIAL DAMAGES (INCLUDING BUT NOT LIMITED TO
    37                           ; PROCUREMENT OF SUBSTITUTE GOODS OR SERVICES; LOSS OF USE, DATA OR PROFITS; OR BUSINESS
    38                           ; INTERRUPTION) HOWSOEVER CAUSED AND ON ANY THEORY OF LIABILITY, WHETHER IN CONTRACT, ST
      +                          RICT
    39                           ; LIABILITY, OR TORT (INCLUDING NEGLIGENCE OR OTHERWISE) ARISING IN ANY WAY OUT OF THE U
      +                          SE OF
    40                           ; THIS SOFTWARE, EVEN IF ADVISED OF THE POSSIBILITY OF SUCH DAMAGE.
    41                           ; 
    42                           ; 
    43                           ; Code-generator required, PIC10F222 Definitions
    44                           ; 
    45                           ; SFR Addresses
    46  0000                     	;# 
    47  0001                     	;# 
    48  0002                     	;# 
    49  0003                     	;# 
    50  0004                     	;# 
    51  0005                     	;# 
    52  0006                     	;# 
    53  0007                     	;# 
    54  0008                     	;# 
    55  0006                     _TRISGPIO	set	6
    56  0000                     _OPTION	set	0
    57  0033                     _GP3	set	51
    58  0030                     _GP0	set	48
    59  0031                     _GP1	set	49
    60  0032                     _GP2	set	50
    61  003F                     _ANS1	set	63
    62  003E                     _ANS0	set	62
    63                           
    64                           ; #config settings
    65  0000                     
    66                           	psect	cinit
    67  001                     start_initialization:	
    68  001                     __initialization:	
    69  001                     end_of_initialization:	
    70                           ;End of C runtime variable initialization code
    71                           
    72  001                     __end_of__initialization:	
    73  001  064                	clrf	4
    74  002  BD9                	ljmp	_main	;jump to C main() function
    75                           
    76                           	psect	cstackCOMMON
    77  000                     __pcstackCOMMON:	
    78  000                     ??_Delay_us:	
    79  000                     ??_main:	
    80                           ; 1 bytes @ 0x0
    81                           
    82                           
    83                           	psect	cstackBANK0
    84  009                     __pcstackBANK0:	
    85                           ; 1 bytes @ 0x0
    86                           
    87  009                     ?_Delay_us:	
    88  009                     ?_main:	
    89                           ; 1 bytes @ 0x0
    90                           
    91  009                     Delay_us@DELAY_CNT:	
    92                           ; 1 bytes @ 0x0
    93                           
    94                           
    95                           ; 2 bytes @ 0x0
    96  009                     	ds	2
    97  00B                     Delay_us@i:	
    98                           
    99                           ; 2 bytes @ 0x2
   100  00B                     	ds	2
   101                           
   102                           	psect	maintext
   103  1D9                     __pmaintext:	
   104 ;;
   105 ;;Main: autosize = 0, tempsize = 0, incstack = 0, save=0
   106 ;;
   107 ;; *************** function _main *****************
   108 ;; Defined at:
   109 ;;		line 21 in file "main.c"
   110 ;; Parameters:    Size  Location     Type
   111 ;;		None
   112 ;; Auto vars:     Size  Location     Type
   113 ;;  i               4    0        long 
   114 ;; Return value:  Size  Location     Type
   115 ;;                  1   28[None  ] void 
   116 ;; Registers used:
   117 ;;		wreg, fsr0l, fsr0h, status,2, status,0, btemp+0, btemp+1, pclath, cstack
   118 ;; Tracked objects:
   119 ;;		On entry : B00/0
   120 ;;		On exit  : 0/0
   121 ;;		Unchanged: 0/0
   122 ;; Data sizes:     COMMON   BANK0
   123 ;;      Params:         0       0
   124 ;;      Locals:         0       0
   125 ;;      Temps:          0       0
   126 ;;      Totals:         0       0
   127 ;;Total ram usage:        0 bytes
   128 ;; Hardware stack levels required when called:    1
   129 ;; This function calls:
   130 ;;		_Delay_us
   131 ;; This function is called by:
   132 ;;		Startup code after reset
   133 ;; This function uses a non-reentrant model
   134 ;;
   135                           
   136                           
   137                           ;psect for function _main
   138  1D9                     _main:	
   139                           
   140                           ;main.c: 23: long int i;
   141                           ;main.c: 25: OPTION = 0b11000000;
   142                           
   143                           ;incstack = 0
   144                           ; Regs used in _main: [wreg-fsr0h+status,2-btemp+1+pclath+cstack]
   145  1D9  CC0                	movlw	192
   146  1DA  002                	option
   147                           
   148                           ;main.c: 26: TRISGPIO = 0b1000;
   149  1DB  C08                	movlw	8
   150  1DC  006                	tris	6
   151                           
   152                           ;main.c: 27: ANS0 = 0;
   153  1DD  4C7                	bcf	7,6	;volatile
   154                           
   155                           ;main.c: 28: ANS1 = 0;
   156  1DE  4E7                	bcf	7,7	;volatile
   157                           
   158                           ;main.c: 30: GP2=0; GP1=0; GP0=0;
   159  1DF  446                	bcf	6,2	;volatile
   160  1E0  426                	bcf	6,1	;volatile
   161  1E1  406                	bcf	6,0	;volatile
   162  1E2                     l466:	
   163                           ;main.c: 32: while(1) {
   164                           
   165                           
   166                           ;main.c: 34: if(GP3 == 0) {
   167  1E2  666                	btfsc	6,3	;volatile
   168  1E3  BF0                	goto	l474
   169                           
   170                           ;main.c: 35: GP0=1;
   171  1E4  506                	bsf	6,0	;volatile
   172                           
   173                           ;main.c: 36: Delay_us(180);
   174  1E5  CB4                	movlw	180
   175  1E6  029                	movwf	Delay_us@DELAY_CNT
   176  1E7  C00                	movlw	0
   177  1E8  02A                	movwf	Delay_us@DELAY_CNT+1
   178  1E9  903                	fcall	entry__Delay_us
   179                           
   180                           ;main.c: 37: GP0=0;
   181  1EA  406                	bcf	6,0	;volatile
   182                           
   183                           ;main.c: 38: Delay_us(1500-180);
   184  1EB  C28                	movlw	40
   185  1EC  029                	movwf	Delay_us@DELAY_CNT
   186  1ED  C05                	movlw	5
   187  1EE  02A                	movwf	Delay_us@DELAY_CNT+1
   188  1EF  903                	fcall	entry__Delay_us
   189  1F0                     l474:	
   190                           
   191                           ;main.c: 39: };
   192                           ;main.c: 41: if(GP3 != 0) {
   193  1F0  766                	btfss	6,3	;volatile
   194  1F1  BE2                	goto	l466
   195                           
   196                           ;main.c: 42: GP0=1;
   197  1F2  506                	bsf	6,0	;volatile
   198                           
   199                           ;main.c: 43: Delay_us(50);
   200  1F3  C32                	movlw	50
   201  1F4  029                	movwf	Delay_us@DELAY_CNT
   202  1F5  C00                	movlw	0
   203  1F6  02A                	movwf	Delay_us@DELAY_CNT+1
   204  1F7  903                	fcall	entry__Delay_us
   205                           
   206                           ;main.c: 44: GP0=0;
   207  1F8  406                	bcf	6,0	;volatile
   208                           
   209                           ;main.c: 45: Delay_us(1500-50);
   210  1F9  CAA                	movlw	170
   211  1FA  029                	movwf	Delay_us@DELAY_CNT
   212  1FB  C05                	movlw	5
   213  1FC  02A                	movwf	Delay_us@DELAY_CNT+1
   214  1FD  903                	fcall	entry__Delay_us
   215                           
   216                           ;main.c: 46: };
   217  1FE  BE2                	goto	l466
   218  1FF                     __end_of_main:	
   219                           
   220                           	psect	text1
   221  1C0                     __ptext1:	
   222 ;; *************** function _Delay_us *****************
   223 ;; Defined at:
   224 ;;		line 15 in file "main.c"
   225 ;; Parameters:    Size  Location     Type
   226 ;;  DELAY_CNT       2    0[BANK0 ] unsigned int 
   227 ;; Auto vars:     Size  Location     Type
   228 ;;  i               2    2[BANK0 ] unsigned int 
   229 ;; Return value:  Size  Location     Type
   230 ;;                  1    0[BANK0 ] void 
   231 ;; Registers used:
   232 ;;		wreg, fsr0l, fsr0h, status,2, btemp+0, btemp+1
   233 ;; Tracked objects:
   234 ;;		On entry : 0/0
   235 ;;		On exit  : 0/0
   236 ;;		Unchanged: 0/0
   237 ;; Data sizes:     COMMON   BANK0
   238 ;;      Params:         0       2
   239 ;;      Locals:         0       2
   240 ;;      Temps:          0       0
   241 ;;      Totals:         0       4
   242 ;;Total ram usage:        4 bytes
   243 ;; Hardware stack levels used:    1
   244 ;; This function calls:
   245 ;;		Nothing
   246 ;; This function is called by:
   247 ;;		_main
   248 ;; This function uses a non-reentrant model
   249 ;;
   250                           
   251                           
   252                           ;psect for function _Delay_us
   253  1C0                     _Delay_us:	
   254                           
   255                           ;main.c: 16: for (unsigned int i = 0; i < DELAY_CNT; i++) {
   256  1C0  06B                	clrf	Delay_us@i
   257  1C1  06C                	clrf	Delay_us@i+1
   258  1C2                     l452:	
   259  1C2  20A                	movf	Delay_us@DELAY_CNT+1,w
   260  1C3  03D                	movwf	29
   261  1C4  209                	movf	Delay_us@DELAY_CNT,w
   262  1C5  03C                	movwf	28
   263  1C6  21D                	movf	29,w
   264  1C7  08C                	subwf	Delay_us@i+1,w
   265  1C8  743                	skipz
   266  1C9  BCC                	goto	u45
   267  1CA  21C                	movf	28,w
   268  1CB  08B                	subwf	Delay_us@i,w
   269  1CC                     u45:	
   270  1CC  603                	btfsc	3,0
   271  1CD  800                	retlw	0
   272                           
   273                           ;main.c: 17: _delay((unsigned long)((1)*(8000000/4000000.0)));
   274  1CE  BCF                	nop2	;2 cycle nop
   275  1CF  C01                	movlw	1
   276  1D0  03C                	movwf	28
   277  1D1  07D                	clrf	29
   278  1D2  21C                	movf	28,w
   279  1D3  1EB                	addwf	Delay_us@i,f
   280  1D4  603                	skipnc
   281  1D5  2AC                	incf	Delay_us@i+1,f
   282  1D6  21D                	movf	29,w
   283  1D7  1EC                	addwf	Delay_us@i+1,f
   284  1D8  BC2                	goto	l452
   285  1D9                     __end_of_Delay_us:	
   286  001C                     btemp	set	28	;btemp
   287  001C                     wtemp0	set	28
   288  001E                     wtemp1	set	30
   289  001C                     ttemp0	set	28
   290  001C                     ltemp0	set	28
   291                           
   292                           	psect	jmp_tab
   293  003                     __pjmp_tab:	
   294                           ;incstack = 0
   295                           ; Regs used in _Delay_us: [wreg-fsr0h+status,2+btemp+0+btemp+1]
   296                           
   297  003                     entry__Delay_us:	
   298  003  BC0                	ljmp	_Delay_us


Data Sizes:
    Strings     0
    Constant    0
    Data        0
    BSS         0
    Persistent  0
    Stack       0

Auto Spaces:
    Space          Size  Autos    Used
    COMMON            0      0       0
    BANK0            21      4       4

Pointer List with Targets:

    None.

Critical Paths under _main in COMMON

    None.

Critical Paths under _main in BANK0

    _main->_Delay_us

Call Graph Tables:

 ---------------------------------------------------------------------------------
 (Depth) Function   	        Calls       Base Space   Used Autos Params    Refs
 ---------------------------------------------------------------------------------
 (0) _main                                                 4     4      0     218
                           _Delay_us
 ---------------------------------------------------------------------------------
 (1) _Delay_us                                             4     2      2     218
                                              0 BANK0      4     2      2
 ---------------------------------------------------------------------------------
 Estimated maximum stack depth 1
 ---------------------------------------------------------------------------------

 Call Graph Graphs:

 _main (ROOT)
   _Delay_us

 Address spaces:
Name               Size   Autos  Total    Cost      Usage
BITCOMMON            0      0       0       0        0.0%
NULL                 0      0       0       0        0.0%
CODE                 0      0       0       0        0.0%
BITSFR0              0      0       0       1        0.0%
SFR0                 0      0       0       1        0.0%
COMMON               0      0       0       1        0.0%
STACK                0      0       0       2        0.0%
BANK0               15      4       4       3       19.0%
ABS                  0      0       0       4        0.0%
BITBANK0            15      0       0       5        0.0%
DATA                 0      0       0       6        0.0%


Microchip Technology PIC Macro Assembler V1.42 build -159332390 
Symbol Table                                                                                   Sat Jul 29 10:59:37 2017

            __CFG_CP$OFF 0000                       u45 01CC                       fsr 0004  
                    l452 01C2                      l474 01F0                      l466 01E2  
                    _GP0 0030                      _GP1 0031                      _GP2 0032  
                    _GP3 0033                     _ANS0 003E                     _ANS1 003F  
                   _main 01D9                     btemp 001C                     start 0000  
          __CFG_MCPU$OFF 0000                    ?_main 0009            __CFG_WDTE$OFF 0000  
                  ltemp0 001C                    ttemp0 001C                    wtemp0 001C  
                  wtemp1 001E         __end_of_Delay_us 01D9           __CFG_MCLRE$OFF 0000  
        __initialization 0001             __end_of_main 01FF                   ??_main 0000  
                 _OPTION 0000  __end_of__initialization 0001           __pcstackCOMMON 0000  
              ?_Delay_us 0009               __pmaintext 01D9               ??_Delay_us 0000  
      Delay_us@DELAY_CNT 0009                  __ptext1 01C0     end_of_initialization 0001  
              Delay_us@i 000B      start_initialization 0001         __CFG_IOSCFS$8MHZ 0000  
      __size_of_Delay_us 0019           entry__Delay_us 0003                ___latbits 0000  
          __pcstackBANK0 0009                __pjmp_tab 0003                 _TRISGPIO 0006  
               _Delay_us 01C0            __size_of_main 0026  
